<?xml version="1.0" encoding="UTF-8"?>
<testsuite name="com.jojoldu.book.springboot.web.IndexControllerTest" tests="1" skipped="0" failures="0" errors="0" timestamp="2022-10-27T12:14:46" hostname="DESKTOP-A10UI7F" time="0.158">
  <properties/>
  <testcase name="loading_mainpage" classname="com.jojoldu.book.springboot.web.IndexControllerTest" time="0.158"/>
  <system-out><![CDATA[2022-10-27 21:14:44.410  INFO 17368 --- [    Test worker] .b.t.c.SpringBootTestContextBootstrapper : Neither @ContextConfiguration nor @ContextHierarchy found for test class [com.jojoldu.book.springboot.web.IndexControllerTest], using SpringBootContextLoader
2022-10-27 21:14:44.410  INFO 17368 --- [    Test worker] o.s.t.c.support.AbstractContextLoader    : Could not detect default resource locations for test class [com.jojoldu.book.springboot.web.IndexControllerTest]: no resource found for suffixes {-context.xml, Context.groovy}.
2022-10-27 21:14:44.410  INFO 17368 --- [    Test worker] t.c.s.AnnotationConfigContextLoaderUtils : Could not detect default configuration classes for test class [com.jojoldu.book.springboot.web.IndexControllerTest]: IndexControllerTest does not declare any static, non-private, non-final, nested classes annotated with @Configuration.
2022-10-27 21:14:44.412  INFO 17368 --- [    Test worker] .b.t.c.SpringBootTestContextBootstrapper : Found @SpringBootConfiguration com.jojoldu.book.springboot.Application for test class com.jojoldu.book.springboot.web.IndexControllerTest
2022-10-27 21:14:44.413  INFO 17368 --- [    Test worker] .b.t.c.SpringBootTestContextBootstrapper : Loaded default TestExecutionListener class names from location [META-INF/spring.factories]: [org.springframework.security.test.context.support.WithSecurityContextTestExecutionListener, org.springframework.security.test.context.support.ReactorContextTestExecutionListener, org.springframework.boot.test.autoconfigure.restdocs.RestDocsTestExecutionListener, org.springframework.boot.test.autoconfigure.web.client.MockRestServiceServerResetTestExecutionListener, org.springframework.boot.test.autoconfigure.web.servlet.MockMvcPrintOnlyOnFailureTestExecutionListener, org.springframework.boot.test.autoconfigure.web.servlet.WebDriverTestExecutionListener, org.springframework.boot.test.mock.mockito.MockitoTestExecutionListener, org.springframework.boot.test.mock.mockito.ResetMocksTestExecutionListener, org.springframework.test.context.web.ServletTestExecutionListener, org.springframework.test.context.support.DirtiesContextBeforeModesTestExecutionListener, org.springframework.test.context.support.DependencyInjectionTestExecutionListener, org.springframework.test.context.support.DirtiesContextTestExecutionListener, org.springframework.test.context.transaction.TransactionalTestExecutionListener, org.springframework.test.context.jdbc.SqlScriptsTestExecutionListener]
2022-10-27 21:14:44.413  INFO 17368 --- [    Test worker] .b.t.c.SpringBootTestContextBootstrapper : Using TestExecutionListeners: [org.springframework.test.context.web.ServletTestExecutionListener@58ad0586, org.springframework.test.context.support.DirtiesContextBeforeModesTestExecutionListener@526fc044, org.springframework.boot.test.mock.mockito.MockitoTestExecutionListener@45635ae1, org.springframework.boot.test.autoconfigure.SpringBootDependencyInjectionTestExecutionListener@7adbec34, org.springframework.test.context.support.DirtiesContextTestExecutionListener@4aea57dc, org.springframework.test.context.transaction.TransactionalTestExecutionListener@66abc325, org.springframework.test.context.jdbc.SqlScriptsTestExecutionListener@39403943, org.springframework.security.test.context.support.WithSecurityContextTestExecutionListener@1c5fd813, org.springframework.security.test.context.support.ReactorContextTestExecutionListener@49338f3, org.springframework.boot.test.autoconfigure.restdocs.RestDocsTestExecutionListener@3c9971af, org.springframework.boot.test.autoconfigure.web.client.MockRestServiceServerResetTestExecutionListener@4abdd5e, org.springframework.boot.test.autoconfigure.web.servlet.MockMvcPrintOnlyOnFailureTestExecutionListener@66d61298, org.springframework.boot.test.autoconfigure.web.servlet.WebDriverTestExecutionListener@7b9fea11, org.springframework.boot.test.mock.mockito.ResetMocksTestExecutionListener@c7cf8c4]

  .   ____          _            __ _ _
 /\\ / ___'_ __ _ _(_)_ __  __ _ \ \ \ \
( ( )\___ | '_ | '_| | '_ \/ _` | \ \ \ \
 \\/  ___)| |_)| | | | | || (_| |  ) ) ) )
  '  |____| .__|_| |_|_| |_\__, | / / / /
 =========|_|==============|___/=/_/_/_/
 :: Spring Boot ::        (v2.1.7.RELEASE)

2022-10-27 21:14:44.446  INFO 17368 --- [    Test worker] c.j.b.s.web.IndexControllerTest          : Starting IndexControllerTest on DESKTOP-A10UI7F with PID 17368 (started by lee in C:\Users\lee\IdeaProjects\springboot_study)
2022-10-27 21:14:44.446  INFO 17368 --- [    Test worker] c.j.b.s.web.IndexControllerTest          : No active profile set, falling back to default profiles: default
2022-10-27 21:14:44.684  INFO 17368 --- [    Test worker] .s.d.r.c.RepositoryConfigurationDelegate : Bootstrapping Spring Data repositories in DEFAULT mode.
2022-10-27 21:14:44.718  INFO 17368 --- [    Test worker] .s.d.r.c.RepositoryConfigurationDelegate : Finished Spring Data repository scanning in 33ms. Found 2 repository interfaces.
2022-10-27 21:14:44.847  INFO 17368 --- [    Test worker] trationDelegate$BeanPostProcessorChecker : Bean 'org.springframework.transaction.annotation.ProxyTransactionManagementConfiguration' of type [org.springframework.transaction.annotation.ProxyTransactionManagementConfiguration$$EnhancerBySpringCGLIB$$4b71926e] is not eligible for getting processed by all BeanPostProcessors (for example: not eligible for auto-proxying)
2022-10-27 21:14:45.078  INFO 17368 --- [    Test worker] o.s.b.w.embedded.tomcat.TomcatWebServer  : Tomcat initialized with port(s): 0 (http)
2022-10-27 21:14:45.105  INFO 17368 --- [    Test worker] o.apache.catalina.core.StandardService   : Starting service [Tomcat]
2022-10-27 21:14:45.105  INFO 17368 --- [    Test worker] org.apache.catalina.core.StandardEngine  : Starting Servlet engine: [Apache Tomcat/9.0.22]
2022-10-27 21:14:45.259  INFO 17368 --- [    Test worker] o.a.c.c.C.[Tomcat].[localhost].[/]       : Initializing Spring embedded WebApplicationContext
2022-10-27 21:14:45.259  INFO 17368 --- [    Test worker] o.s.web.context.ContextLoader            : Root WebApplicationContext: initialization completed in 810 ms
2022-10-27 21:14:45.418  INFO 17368 --- [    Test worker] com.zaxxer.hikari.HikariDataSource       : HikariPool-2 - Starting...
2022-10-27 21:14:45.419  INFO 17368 --- [    Test worker] com.zaxxer.hikari.HikariDataSource       : HikariPool-2 - Start completed.
2022-10-27 21:14:45.469  INFO 17368 --- [    Test worker] o.hibernate.jpa.internal.util.LogHelper  : HHH000204: Processing PersistenceUnitInfo [
	name: default
	...]
2022-10-27 21:14:45.482  INFO 17368 --- [    Test worker] org.hibernate.dialect.Dialect            : HHH000400: Using dialect: org.hibernate.dialect.MySQL5InnoDBDialect
Hibernate: drop table if exists posts
Hibernate: drop table if exists user
Hibernate: create table posts (id bigint not null auto_increment, created_date datetime, modified_date datetime, author varchar(255), content TEXT not null, title varchar(500) not null, primary key (id)) engine=InnoDB
Hibernate: create table user (id bigint not null auto_increment, created_date datetime, modified_date datetime, email varchar(255) not null, name varchar(255) not null, picture varchar(255), role varchar(255) not null, primary key (id)) engine=InnoDB
2022-10-27 21:14:45.540  INFO 17368 --- [    Test worker] o.h.t.schema.internal.SchemaCreatorImpl  : HHH000476: Executing import script 'org.hibernate.tool.schema.internal.exec.ScriptSourceInputNonExistentImpl@570ed9c'
2022-10-27 21:14:45.540  INFO 17368 --- [    Test worker] j.LocalContainerEntityManagerFactoryBean : Initialized JPA EntityManagerFactory for persistence unit 'default'
2022-10-27 21:14:45.817  INFO 17368 --- [    Test worker] o.h.h.i.QueryTranslatorFactoryInitiator  : HHH000397: Using ASTQueryTranslatorFactory
2022-10-27 21:14:45.962  INFO 17368 --- [    Test worker] o.s.s.web.DefaultSecurityFilterChain     : Creating filter chain: any request, [org.springframework.security.web.context.request.async.WebAsyncManagerIntegrationFilter@1f235a0a, org.springframework.security.web.context.SecurityContextPersistenceFilter@426940f9, org.springframework.security.web.header.HeaderWriterFilter@3cb376a3, org.springframework.security.web.authentication.logout.LogoutFilter@cae4952, org.springframework.security.oauth2.client.web.OAuth2AuthorizationRequestRedirectFilter@1f1e15de, org.springframework.security.oauth2.client.web.OAuth2LoginAuthenticationFilter@2ea0161f, org.springframework.security.web.authentication.ui.DefaultLoginPageGeneratingFilter@4c8afba, org.springframework.security.web.authentication.ui.DefaultLogoutPageGeneratingFilter@75d402d4, org.springframework.security.web.savedrequest.RequestCacheAwareFilter@447630c4, org.springframework.security.web.servletapi.SecurityContextHolderAwareRequestFilter@63d75087, org.springframework.security.web.authentication.AnonymousAuthenticationFilter@1a0b4955, org.springframework.security.web.session.SessionManagementFilter@7022fb5c, org.springframework.security.web.access.ExceptionTranslationFilter@951e911, org.springframework.security.web.access.intercept.FilterSecurityInterceptor@3f2ab6ec]
2022-10-27 21:14:46.150  INFO 17368 --- [    Test worker] o.s.s.concurrent.ThreadPoolTaskExecutor  : Initializing ExecutorService 'applicationTaskExecutor'
2022-10-27 21:14:46.161  WARN 17368 --- [    Test worker] aWebConfiguration$JpaWebMvcConfiguration : spring.jpa.open-in-view is enabled by default. Therefore, database queries may be performed during view rendering. Explicitly configure spring.jpa.open-in-view to disable this warning
2022-10-27 21:14:46.186  INFO 17368 --- [    Test worker] o.s.b.a.w.s.WelcomePageHandlerMapping    : Adding welcome page template: index
2022-10-27 21:14:46.441  INFO 17368 --- [    Test worker] s.a.ScheduledAnnotationBeanPostProcessor : No TaskScheduler/ScheduledExecutorService bean found for scheduled processing
2022-10-27 21:14:46.459  INFO 17368 --- [    Test worker] o.s.b.w.embedded.tomcat.TomcatWebServer  : Tomcat started on port(s): 59218 (http) with context path ''
2022-10-27 21:14:46.460  INFO 17368 --- [    Test worker] c.j.b.s.web.IndexControllerTest          : Started IndexControllerTest in 2.045 seconds (JVM running for 10.334)
2022-10-27 21:14:46.539  INFO 17368 --- [o-auto-1-exec-1] o.a.c.c.C.[Tomcat].[localhost].[/]       : Initializing Spring DispatcherServlet 'dispatcherServlet'
2022-10-27 21:14:46.539  INFO 17368 --- [o-auto-1-exec-1] o.s.web.servlet.DispatcherServlet        : Initializing Servlet 'dispatcherServlet'
2022-10-27 21:14:46.554  INFO 17368 --- [o-auto-1-exec-1] o.s.web.servlet.DispatcherServlet        : Completed initialization in 15 ms
Hibernate: select posts0_.id as id1_0_, posts0_.created_date as created_2_0_, posts0_.modified_date as modified3_0_, posts0_.author as author4_0_, posts0_.content as content5_0_, posts0_.title as title6_0_ from posts posts0_ order by posts0_.id DESC
]]></system-out>
  <system-err><![CDATA[]]></system-err>
</testsuite>
